#
# There is insufficient memory for the Java Runtime Environment to continue.
# Native memory allocation (mmap) failed to map 65536 bytes. Error detail: Failed to commit metaspace.
# Possible reasons:
#   The system is out of physical RAM or swap space
#   This process is running with CompressedOops enabled, and the Java Heap may be blocking the growth of the native heap
# Possible solutions:
#   Reduce memory load on the system
#   Increase physical memory or swap space
#   Check if swap backing store is full
#   Decrease Java heap size (-Xmx/-Xms)
#   Decrease number of Java threads
#   Decrease Java thread stack sizes (-Xss)
#   Set larger code cache with -XX:ReservedCodeCacheSize=
#   JVM is running with Unscaled Compressed Oops mode in which the Java heap is
#     placed in the first 4GB address space. The Java Heap base address is the
#     maximum limit for the native heap growth. Please use -XX:HeapBaseMinAddress
#     to set the Java Heap base and to place the Java Heap above 4GB virtual address.
# This output file may be truncated or incomplete.
#
#  Out of Memory Error (virtualSpaceNode.cpp:113), pid=15216, tid=15044
#
# JRE version: OpenJDK Runtime Environment (21.0.10) (build 21.0.10+-14961533-b1163.108)
# Java VM: OpenJDK 64-Bit Server VM (21.0.10+-14961533-b1163.108, mixed mode, tiered, compressed oops, compressed class ptrs, g1 gc, windows-amd64)
# No core dump will be written. Minidumps are not enabled by default on client versions of Windows
#

---------------  S U M M A R Y ------------

Command Line: --add-opens=java.base/java.lang=ALL-UNNAMED --add-opens=java.base/java.lang.invoke=ALL-UNNAMED --add-opens=java.base/java.util=ALL-UNNAMED --add-opens=java.prefs/java.util.prefs=ALL-UNNAMED --add-exports=jdk.compiler/com.sun.tools.javac.api=ALL-UNNAMED --add-exports=jdk.compiler/com.sun.tools.javac.util=ALL-UNNAMED --add-opens=java.base/java.util=ALL-UNNAMED --add-opens=java.prefs/java.util.prefs=ALL-UNNAMED --add-opens=java.base/java.nio.charset=ALL-UNNAMED --add-opens=java.base/java.net=ALL-UNNAMED --add-opens=java.base/java.util.concurrent=ALL-UNNAMED --add-opens=java.base/java.util.concurrent.atomic=ALL-UNNAMED --add-opens=java.xml/javax.xml.namespace=ALL-UNNAMED --add-opens=java.base/java.time=ALL-UNNAMED -Xmx2048m -Dfile.encoding=UTF-8 -Duser.country=US -Duser.language=en -Duser.variant -javaagent:D:\grandle\wrapper\dists\gradle-9.3.1-bin\23ovyewtku6u96viwx3xl3oks\gradle-9.3.1\lib\agents\gradle-instrumentation-agent-9.3.1.jar org.gradle.launcher.daemon.bootstrap.GradleDaemon 9.3.1

Host: 12th Gen Intel(R) Core(TM) i5-1240P, 16 cores, 15G,  Windows 11 , 64 bit Build 26100 (10.0.26100.7920)
Time: Thu Apr 16 09:26:06 2026 SE Asia Standard Time elapsed time: 9.709973 seconds (0d 0h 0m 9s)

---------------  T H R E A D  ---------------

Current thread (0x00000194c198ea60):  JavaThread "C1 CompilerThread3" daemon [_thread_in_vm, id=15044, stack(0x0000008c38900000,0x0000008c38a00000) (1024K)]


Current CompileTask:
C1:9710 5276       3       com.google.common.cache.LocalCache$Segment::getEntry (73 bytes)

Stack: [0x0000008c38900000,0x0000008c38a00000]
Native frames: (J=compiled Java code, j=interpreted, Vv=VM code, C=native code)
V  [jvm.dll+0x6d78a9]
V  [jvm.dll+0x8665b3]
V  [jvm.dll+0x868bde]
V  [jvm.dll+0x8692c3]
V  [jvm.dll+0x280ee6]
V  [jvm.dll+0x86146e]
V  [jvm.dll+0x67add5]
V  [jvm.dll+0x1e4911]
V  [jvm.dll+0x1e46de]
V  [jvm.dll+0x67d728]
V  [jvm.dll+0x67d562]
V  [jvm.dll+0x67b7ce]
V  [jvm.dll+0x68cc3a]
V  [jvm.dll+0x685b92]
V  [jvm.dll+0x1f2880]
V  [jvm.dll+0x1f2a68]
V  [jvm.dll+0x164244]
V  [jvm.dll+0x1640a6]
V  [jvm.dll+0x15b629]
V  [jvm.dll+0x15dbc1]
V  [jvm.dll+0x15bec4]
V  [jvm.dll+0x1558f0]
V  [jvm.dll+0x165e36]
V  [jvm.dll+0x150da0]
V  [jvm.dll+0x1510d1]
V  [jvm.dll+0x151371]
V  [jvm.dll+0x1506ff]
V  [jvm.dll+0x1524c1]
V  [jvm.dll+0x25891e]
V  [jvm.dll+0x256e66]
V  [jvm.dll+0x3f513e]
V  [jvm.dll+0x80fd28]
V  [jvm.dll+0x6d60fd]
C  [ucrtbase.dll+0x37b0]
C  [KERNEL32.DLL+0x2e8d7]
C  [ntdll.dll+0x8c48c]


---------------  P R O C E S S  ---------------

Threads class SMR info:
_java_thread_list=0x00000194c137a720, length=49, elements={
0x00000194a8bdc4f0, 0x00000194c0e928a0, 0x00000194c0ec3900, 0x00000194c0ec4770,
0x00000194c0ec65f0, 0x00000194c0ec7050, 0x00000194c0ec8620, 0x00000194c0ec9080,
0x00000194c0ecc140, 0x00000194c0ed9fe0, 0x00000194c107aac0, 0x00000194c101cd80,
0x00000194c140bfe0, 0x00000194c198ea60, 0x00000194c78b07e0, 0x00000194c6ed2f20,
0x00000194c78ac000, 0x00000194c78a7850, 0x00000194c744d980, 0x00000194c7031730,
0x00000194c7cf1160, 0x00000194c7cf0440, 0x00000194c7cf17f0, 0x00000194c7cf0ad0,
0x00000194c8381e30, 0x00000194c83852b0, 0x00000194c8382b50, 0x00000194c8386660,
0x00000194c83831e0, 0x00000194c8386cf0, 0x00000194c8383870, 0x00000194c8385940,
0x00000194c8384c20, 0x00000194c8387380, 0x00000194c8383f00, 0x00000194c8388dc0,
0x00000194c83880a0, 0x00000194c8387a10, 0x00000194c8d5de30, 0x00000194cb4f7780,
0x00000194cb4f56b0, 0x00000194cb4f7e10, 0x00000194cb4f91c0, 0x00000194cb4f70f0,
0x00000194cb4f84a0, 0x00000194cb4f8b30, 0x00000194cb4f5d40, 0x00000194cb4f9850,
0x00000194cb4f63d0
}

Java Threads: ( => current thread )
  0x00000194a8bdc4f0 JavaThread "main"                              [_thread_blocked, id=16508, stack(0x0000008c37400000,0x0000008c37500000) (1024K)]
  0x00000194c0e928a0 JavaThread "Common-Cleaner"             daemon [_thread_blocked, id=4452, stack(0x0000008c37c00000,0x0000008c37d00000) (1024K)]
  0x00000194c0ec3900 JavaThread "Reference Handler"          daemon [_thread_blocked, id=6816, stack(0x0000008c37d00000,0x0000008c37e00000) (1024K)]
  0x00000194c0ec4770 JavaThread "Finalizer"                  daemon [_thread_blocked, id=2156, stack(0x0000008c37e00000,0x0000008c37f00000) (1024K)]
  0x00000194c0ec65f0 JavaThread "Signal Dispatcher"          daemon [_thread_blocked, id=18528, stack(0x0000008c37f00000,0x0000008c38000000) (1024K)]
  0x00000194c0ec7050 JavaThread "Attach Listener"            daemon [_thread_blocked, id=22740, stack(0x0000008c38000000,0x0000008c38100000) (1024K)]
  0x00000194c0ec8620 JavaThread "Service Thread"             daemon [_thread_blocked, id=19152, stack(0x0000008c38100000,0x0000008c38200000) (1024K)]
  0x00000194c0ec9080 JavaThread "Monitor Deflation Thread"   daemon [_thread_blocked, id=16396, stack(0x0000008c38200000,0x0000008c38300000) (1024K)]
  0x00000194c0ecc140 JavaThread "C2 CompilerThread0"         daemon [_thread_blocked, id=6956, stack(0x0000008c38300000,0x0000008c38400000) (1024K)]
  0x00000194c0ed9fe0 JavaThread "C1 CompilerThread0"         daemon [_thread_in_vm, id=22392, stack(0x0000008c38400000,0x0000008c38500000) (1024K)]
  0x00000194c107aac0 JavaThread "C1 CompilerThread1"         daemon [_thread_in_vm, id=17728, stack(0x0000008c38500000,0x0000008c38600000) (1024K)]
  0x00000194c101cd80 JavaThread "C1 CompilerThread2"         daemon [_thread_in_vm, id=15196, stack(0x0000008c38600000,0x0000008c38700000) (1024K)]
  0x00000194c140bfe0 JavaThread "Notification Thread"        daemon [_thread_blocked, id=24368, stack(0x0000008c38700000,0x0000008c38800000) (1024K)]
=>0x00000194c198ea60 JavaThread "C1 CompilerThread3"         daemon [_thread_in_vm, id=15044, stack(0x0000008c38900000,0x0000008c38a00000) (1024K)]
  0x00000194c78b07e0 JavaThread "Daemon health stats"               [_thread_blocked, id=4336, stack(0x0000008c38f00000,0x0000008c39000000) (1024K)]
  0x00000194c6ed2f20 JavaThread "Incoming local TCP Connector on port 61102"        [_thread_in_native, id=19624, stack(0x0000008c39000000,0x0000008c39100000) (1024K)]
  0x00000194c78ac000 JavaThread "Daemon periodic checks"            [_thread_blocked, id=26228, stack(0x0000008c39100000,0x0000008c39200000) (1024K)]
  0x00000194c78a7850 JavaThread "Daemon"                            [_thread_blocked, id=20792, stack(0x0000008c39200000,0x0000008c39300000) (1024K)]
  0x00000194c744d980 JavaThread "Handler for socket connection from /127.0.0.1:61102 to /127.0.0.1:61103"        [_thread_in_native, id=13564, stack(0x0000008c39300000,0x0000008c39400000) (1024K)]
  0x00000194c7031730 JavaThread "Cancel handler"                    [_thread_blocked, id=24500, stack(0x0000008c39400000,0x0000008c39500000) (1024K)]
  0x00000194c7cf1160 JavaThread "Daemon worker"                     [_thread_in_vm, id=14620, stack(0x0000008c39e00000,0x0000008c39f00000) (1024K)]
  0x00000194c7cf0440 JavaThread "Asynchronous log dispatcher for DefaultDaemonConnection: socket connection from /127.0.0.1:61102 to /127.0.0.1:61103"        [_thread_blocked, id=12196, stack(0x0000008c39f00000,0x0000008c3a000000) (1024K)]
  0x00000194c7cf17f0 JavaThread "Stdin handler"                     [_thread_blocked, id=23372, stack(0x0000008c3a000000,0x0000008c3a100000) (1024K)]
  0x00000194c7cf0ad0 JavaThread "Daemon client event forwarder"        [_thread_blocked, id=4324, stack(0x0000008c3a100000,0x0000008c3a200000) (1024K)]
  0x00000194c8381e30 JavaThread "Cache worker for journal cache (D:\grandle\caches\journal-1)"        [_thread_blocked, id=7648, stack(0x0000008c3a200000,0x0000008c3a300000) (1024K)]
  0x00000194c83852b0 JavaThread "File lock request listener"        [_thread_in_native, id=26364, stack(0x0000008c3a300000,0x0000008c3a400000) (1024K)]
  0x00000194c8382b50 JavaThread "Cache worker for file hash cache (D:\grandle\caches\9.3.1\fileHashes)"        [_thread_blocked, id=4280, stack(0x0000008c3a400000,0x0000008c3a500000) (1024K)]
  0x00000194c8386660 JavaThread "Cache worker for file hash cache (D:\AppSocialver2\.gradle\9.3.1\fileHashes)"        [_thread_blocked, id=11796, stack(0x0000008c3a600000,0x0000008c3a700000) (1024K)]
  0x00000194c83831e0 JavaThread "Cache worker for Build Output Cleanup Cache (D:\AppSocialver2\.gradle\buildOutputCleanup)"        [_thread_blocked, id=25796, stack(0x0000008c3a700000,0x0000008c3a800000) (1024K)]
  0x00000194c8386cf0 JavaThread "File watcher server"        daemon [_thread_in_native, id=5268, stack(0x0000008c3a800000,0x0000008c3a900000) (1024K)]
  0x00000194c8383870 JavaThread "File watcher consumer"      daemon [_thread_blocked, id=2780, stack(0x0000008c3a900000,0x0000008c3aa00000) (1024K)]
  0x00000194c8385940 JavaThread "Cache worker for checksums cache (D:\AppSocialver2\.gradle\9.3.1\checksums)"        [_thread_blocked, id=23868, stack(0x0000008c3a500000,0x0000008c3a600000) (1024K)]
  0x00000194c8384c20 JavaThread "Cache worker for file content cache (D:\grandle\caches\9.3.1\fileContent)"        [_thread_blocked, id=6820, stack(0x0000008c3aa00000,0x0000008c3ab00000) (1024K)]
  0x00000194c8387380 JavaThread "Cache worker for cache directory md-supplier (D:\grandle\caches\9.3.1\md-supplier)"        [_thread_blocked, id=17056, stack(0x0000008c3ab00000,0x0000008c3ac00000) (1024K)]
  0x00000194c8383f00 JavaThread "Cache worker for cache directory md-rule (D:\grandle\caches\9.3.1\md-rule)"        [_thread_blocked, id=11436, stack(0x0000008c3ac00000,0x0000008c3ad00000) (1024K)]
  0x00000194c8388dc0 JavaThread "jar transforms"                    [_thread_blocked, id=10348, stack(0x0000008c3ad00000,0x0000008c3ae00000) (1024K)]
  0x00000194c83880a0 JavaThread "jar transforms Thread 2"           [_thread_blocked, id=17736, stack(0x0000008c3ae00000,0x0000008c3af00000) (1024K)]
  0x00000194c8387a10 JavaThread "jar transforms Thread 3"           [_thread_blocked, id=4856, stack(0x0000008c3af00000,0x0000008c3b000000) (1024K)]
  0x00000194c8d5de30 JavaThread "C2 CompilerThread1"         daemon [_thread_blocked, id=25364, stack(0x0000008c38800000,0x0000008c38900000) (1024K)]
  0x00000194cb4f7780 JavaThread "Unconstrained build operations"        [_thread_blocked, id=19692, stack(0x0000008c3b000000,0x0000008c3b100000) (1024K)]
  0x00000194cb4f56b0 JavaThread "Unconstrained build operations Thread 2"        [_thread_in_vm, id=5832, stack(0x0000008c3b100000,0x0000008c3b200000) (1024K)]
  0x00000194cb4f7e10 JavaThread "Unconstrained build operations Thread 3"        [_thread_blocked, id=21300, stack(0x0000008c3b200000,0x0000008c3b300000) (1024K)]
  0x00000194cb4f91c0 JavaThread "Unconstrained build operations Thread 4"        [_thread_blocked, id=23036, stack(0x0000008c3b300000,0x0000008c3b400000) (1024K)]
  0x00000194cb4f70f0 JavaThread "Unconstrained build operations Thread 5"        [_thread_blocked, id=11868, stack(0x0000008c3b400000,0x0000008c3b500000) (1024K)]
  0x00000194cb4f84a0 JavaThread "Unconstrained build operations Thread 6"        [_thread_blocked, id=13908, stack(0x0000008c3b500000,0x0000008c3b600000) (1024K)]
  0x00000194cb4f8b30 JavaThread "Unconstrained build operations Thread 7"        [_thread_blocked, id=5228, stack(0x0000008c3b600000,0x0000008c3b700000) (1024K)]
  0x00000194cb4f5d40 JavaThread "Unconstrained build operations Thread 8"        [_thread_blocked, id=24824, stack(0x0000008c3b700000,0x0000008c3b800000) (1024K)]
  0x00000194cb4f9850 JavaThread "Unconstrained build operations Thread 9"        [_thread_blocked, id=25980, stack(0x0000008c3b800000,0x0000008c3b900000) (1024K)]
  0x00000194cb4f63d0 JavaThread "Unconstrained build operations Thread 10"        [_thread_blocked, id=26448, stack(0x0000008c3b900000,0x0000008c3ba00000) (1024K)]
Total: 49

Other Threads:
  0x00000194c0e4cc00 VMThread "VM Thread"                           [id=5500, stack(0x0000008c37b00000,0x0000008c37c00000) (1024K)]
  0x00000194c0e119e0 WatcherThread "VM Periodic Task Thread"        [id=18200, stack(0x0000008c37a00000,0x0000008c37b00000) (1024K)]
  0x00000194a8c34f30 WorkerThread "GC Thread#0"                     [id=3664, stack(0x0000008c37500000,0x0000008c37600000) (1024K)]
  0x00000194c172cb00 WorkerThread "GC Thread#1"                     [id=10696, stack(0x0000008c38a00000,0x0000008c38b00000) (1024K)]
  0x00000194c172ceb0 WorkerThread "GC Thread#2"                     [id=25836, stack(0x0000008c38b00000,0x0000008c38c00000) (1024K)]
  0x00000194c172d260 WorkerThread "GC Thread#3"                     [id=2308, stack(0x0000008c38c00000,0x0000008c38d00000) (1024K)]
  0x00000194c172d610 WorkerThread "GC Thread#4"                     [id=15464, stack(0x0000008c38d00000,0x0000008c38e00000) (1024K)]
  0x00000194c19db4d0 WorkerThread "GC Thread#5"                     [id=18340, stack(0x0000008c38e00000,0x0000008c38f00000) (1024K)]
  0x00000194c7d35c90 WorkerThread "GC Thread#6"                     [id=6660, stack(0x0000008c39500000,0x0000008c39600000) (1024K)]
  0x00000194c7d34a20 WorkerThread "GC Thread#7"                     [id=20976, stack(0x0000008c39600000,0x0000008c39700000) (1024K)]
  0x00000194c7d35180 WorkerThread "GC Thread#8"                     [id=22996, stack(0x0000008c39700000,0x0000008c39800000) (1024K)]
  0x00000194c7d34670 WorkerThread "GC Thread#9"                     [id=24524, stack(0x0000008c39800000,0x0000008c39900000) (1024K)]
  0x00000194c7d342c0 WorkerThread "GC Thread#10"                    [id=5760, stack(0x0000008c39900000,0x0000008c39a00000) (1024K)]
  0x00000194c7d34dd0 WorkerThread "GC Thread#11"                    [id=19912, stack(0x0000008c39a00000,0x0000008c39b00000) (1024K)]
  0x00000194c7d35530 WorkerThread "GC Thread#12"                    [id=22780, stack(0x0000008c39b00000,0x0000008c39c00000) (1024K)]
  0x00000194a8c46c70 ConcurrentGCThread "G1 Main Marker"            [id=22216, stack(0x0000008c37600000,0x0000008c37700000) (1024K)]
  0x00000194a8c47ea0 WorkerThread "G1 Conc#0"                       [id=24756, stack(0x0000008c37700000,0x0000008c37800000) (1024K)]
  0x00000194c7d358e0 WorkerThread "G1 Conc#1"                       [id=6204, stack(0x0000008c39c00000,0x0000008c39d00000) (1024K)]
  0x00000194c794f100 WorkerThread "G1 Conc#2"                       [id=26360, stack(0x0000008c39d00000,0x0000008c39e00000) (1024K)]
  0x00000194c0c856d0 ConcurrentGCThread "G1 Refine#0"               [id=21656, stack(0x0000008c37800000,0x0000008c37900000) (1024K)]
  0x00000194c0c87f20 ConcurrentGCThread "G1 Service"                [id=24932, stack(0x0000008c37900000,0x0000008c37a00000) (1024K)]
Total: 21

Threads with active compile tasks:
C1 CompilerThread0  9754 5292       3       org.gradle.internal.snapshot.VfsRelativePath::computeCombinedCompare (20 bytes)
C1 CompilerThread1  9754 5294       3       com.google.common.cache.LocalCache$AccessQueue::offer (9 bytes)
C1 CompilerThread2  9754 5288       3       org.gradle.cache.internal.btree.StateCheckBlockStore::read (33 bytes)
C1 CompilerThread3  9754 5276       3       com.google.common.cache.LocalCache$Segment::getEntry (73 bytes)
Total: 4

VM state: not at safepoint (normal execution)

VM Mutex/Monitor currently owned by a thread:  ([mutex/lock_event])
[0x00007ffb05fb64d0] Metaspace_lock - owner thread: 0x00000194c198ea60

Heap address: 0x0000000080000000, size: 2048 MB, Compressed Oops mode: 32-bit

CDS archive(s) not mapped
Compressed class space mapped at: 0x0000000100000000-0x0000000140000000, reserved size: 1073741824
Narrow klass base: 0x0000000000000000, Narrow klass shift: 3, Narrow klass range: 0x140000000

GC Precious Log:
 CardTable entry size: 512
 Card Set container configuration: InlinePtr #cards 5 size 8 Array Of Cards #cards 12 size 40 Howl #buckets 4 coarsen threshold 1843 Howl Bitmap #cards 512 size 80 coarsen threshold 460 Card regions per heap region 1 cards per card region 2048
 CPUs: 16 total, 16 available
 Memory: 16068M
 Large Page Support: Disabled
 NUMA Support: Disabled
 Compressed Oops: Enabled (32-bit)
 Heap Region Size: 1M
 Heap Min Capacity: 8M
 Heap Initial Capacity: 252M
 Heap Max Capacity: 2G
 Pre-touch: Disabled
 Parallel Workers: 13
 Concurrent Workers: 3
 Concurrent Refinement Workers: 13
 Periodic GC: Disabled

Heap:
 garbage-first heap   total 89088K, used 42846K [0x0000000080000000, 0x0000000100000000)
  region size 1024K, 12 young (12288K), 4 survivors (4096K)
 Metaspace       used 54771K, committed 56256K, reserved 1114112K
  class space    used 7702K, committed 8448K, reserved 1048576K

Heap Regions: E=young(eden), S=young(survivor), O=old, HS=humongous(starts), HC=humongous(continues), CS=collection set, F=free, TAMS=top-at-mark-start, PB=parsable bottom
|   0|0x0000000080000000, 0x0000000080100000, 0x0000000080100000|100%|HS|  |TAMS 0x0000000080000000| PB 0x0000000080000000| Complete 
|   1|0x0000000080100000, 0x0000000080200000, 0x0000000080200000|100%|HC|  |TAMS 0x0000000080100000| PB 0x0000000080100000| Complete 
|   2|0x0000000080200000, 0x0000000080300000, 0x0000000080300000|100%|HC|  |TAMS 0x0000000080200000| PB 0x0000000080200000| Complete 
|   3|0x0000000080300000, 0x0000000080400000, 0x0000000080400000|100%|HC|  |TAMS 0x0000000080300000| PB 0x0000000080300000| Complete 
|   4|0x0000000080400000, 0x0000000080500000, 0x0000000080500000|100%| O|  |TAMS 0x0000000080400000| PB 0x0000000080400000| Untracked 
|   5|0x0000000080500000, 0x0000000080600000, 0x0000000080600000|100%| O|  |TAMS 0x0000000080500000| PB 0x0000000080500000| Untracked 
|   6|0x0000000080600000, 0x0000000080700000, 0x0000000080700000|100%|HS|  |TAMS 0x0000000080600000| PB 0x0000000080600000| Complete 
|   7|0x0000000080700000, 0x0000000080800000, 0x0000000080800000|100%| O|  |TAMS 0x0000000080700000| PB 0x0000000080700000| Untracked 
|   8|0x0000000080800000, 0x0000000080900000, 0x0000000080900000|100%| O|  |TAMS 0x0000000080800000| PB 0x0000000080800000| Untracked 
|   9|0x0000000080900000, 0x0000000080a00000, 0x0000000080a00000|100%| O|  |TAMS 0x0000000080900000| PB 0x0000000080900000| Untracked 
|  10|0x0000000080a00000, 0x0000000080b00000, 0x0000000080b00000|100%| O|  |TAMS 0x0000000080a00000| PB 0x0000000080a00000| Untracked 
|  11|0x0000000080b00000, 0x0000000080c00000, 0x0000000080c00000|100%| O|  |TAMS 0x0000000080b00000| PB 0x0000000080b00000| Untracked 
|  12|0x0000000080c00000, 0x0000000080d00000, 0x0000000080d00000|100%| O|  |TAMS 0x0000000080c00000| PB 0x0000000080c00000| Untracked 
|  13|0x0000000080d00000, 0x0000000080e00000, 0x0000000080e00000|100%| O|  |TAMS 0x0000000080d00000| PB 0x0000000080d00000| Untracked 
|  14|0x0000000080e00000, 0x0000000080f00000, 0x0000000080f00000|100%| O|  |TAMS 0x0000000080e00000| PB 0x0000000080e00000| Untracked 
|  15|0x0000000080f00000, 0x0000000081000000, 0x0000000081000000|100%| O|  |TAMS 0x0000000080f00000| PB 0x0000000080f00000| Untracked 
|  16|0x0000000081000000, 0x0000000081100000, 0x0000000081100000|100%| O|  |TAMS 0x0000000081000000| PB 0x0000000081000000| Untracked 
|  17|0x0000000081100000, 0x0000000081200000, 0x0000000081200000|100%| O|  |TAMS 0x0000000081100000| PB 0x0000000081100000| Untracked 
|  18|0x0000000081200000, 0x0000000081300000, 0x0000000081300000|100%| O|  |TAMS 0x0000000081200000| PB 0x0000000081200000| Untracked 
|  19|0x0000000081300000, 0x0000000081400000, 0x0000000081400000|100%| O|  |TAMS 0x0000000081300000| PB 0x0000000081300000| Untracked 
|  20|0x0000000081400000, 0x0000000081500000, 0x0000000081500000|100%| O|  |TAMS 0x0000000081400000| PB 0x0000000081400000| Untracked 
|  21|0x0000000081500000, 0x0000000081600000, 0x0000000081600000|100%| O|  |TAMS 0x0000000081500000| PB 0x0000000081500000| Untracked 
|  22|0x0000000081600000, 0x0000000081700000, 0x0000000081700000|100%| O|  |TAMS 0x0000000081600000| PB 0x0000000081600000| Untracked 
|  23|0x0000000081700000, 0x0000000081700000, 0x0000000081800000|  0%| F|  |TAMS 0x0000000081700000| PB 0x0000000081700000| Untracked 
|  24|0x0000000081800000, 0x0000000081800000, 0x0000000081900000|  0%| F|  |TAMS 0x0000000081800000| PB 0x0000000081800000| Untracked 
|  25|0x0000000081900000, 0x0000000081900000, 0x0000000081a00000|  0%| F|  |TAMS 0x0000000081900000| PB 0x0000000081900000| Untracked 
|  26|0x0000000081a00000, 0x0000000081b00000, 0x0000000081b00000|100%| O|  |TAMS 0x0000000081a00000| PB 0x0000000081a00000| Untracked 
|  27|0x0000000081b00000, 0x0000000081c00000, 0x0000000081c00000|100%| O|  |TAMS 0x0000000081b00000| PB 0x0000000081b00000| Untracked 
|  28|0x0000000081c00000, 0x0000000081c51558, 0x0000000081d00000| 31%| O|  |TAMS 0x0000000081c00000| PB 0x0000000081c00000| Untracked 
|  29|0x0000000081d00000, 0x0000000081d00000, 0x0000000081e00000|  0%| F|  |TAMS 0x0000000081d00000| PB 0x0000000081d00000| Untracked 
|  30|0x0000000081e00000, 0x0000000081e864c0, 0x0000000081f00000| 52%| S|CS|TAMS 0x0000000081e00000| PB 0x0000000081e00000| Complete 
|  31|0x0000000081f00000, 0x0000000082000000, 0x0000000082000000|100%| S|CS|TAMS 0x0000000081f00000| PB 0x0000000081f00000| Complete 
|  32|0x0000000082000000, 0x0000000082000000, 0x0000000082100000|  0%| F|  |TAMS 0x0000000082000000| PB 0x0000000082000000| Untracked 
|  33|0x0000000082100000, 0x0000000082100000, 0x0000000082200000|  0%| F|  |TAMS 0x0000000082100000| PB 0x0000000082100000| Untracked 
|  34|0x0000000082200000, 0x0000000082200000, 0x0000000082300000|  0%| F|  |TAMS 0x0000000082200000| PB 0x0000000082200000| Untracked 
|  35|0x0000000082300000, 0x0000000082300000, 0x0000000082400000|  0%| F|  |TAMS 0x0000000082300000| PB 0x0000000082300000| Untracked 
|  36|0x0000000082400000, 0x0000000082500000, 0x0000000082500000|100%| S|CS|TAMS 0x0000000082400000| PB 0x0000000082400000| Complete 
|  37|0x0000000082500000, 0x0000000082600000, 0x0000000082600000|100%| S|CS|TAMS 0x0000000082500000| PB 0x0000000082500000| Complete 
|  38|0x0000000082600000, 0x0000000082600000, 0x0000000082700000|  0%| F|  |TAMS 0x0000000082600000| PB 0x0000000082600000| Untracked 
|  39|0x0000000082700000, 0x0000000082700000, 0x0000000082800000|  0%| F|  |TAMS 0x0000000082700000| PB 0x0000000082700000| Untracked 
|  40|0x0000000082800000, 0x0000000082800000, 0x0000000082900000|  0%| F|  |TAMS 0x0000000082800000| PB 0x0000000082800000| Untracked 
|  41|0x0000000082900000, 0x0000000082900000, 0x0000000082a00000|  0%| F|  |TAMS 0x0000000082900000| PB 0x0000000082900000| Untracked 
|  42|0x0000000082a00000, 0x0000000082a00000, 0x0000000082b00000|  0%| F|  |TAMS 0x0000000082a00000| PB 0x0000000082a00000| Untracked 
|  43|0x0000000082b00000, 0x0000000082b00000, 0x0000000082c00000|  0%| F|  |TAMS 0x0000000082b00000| PB 0x0000000082b00000| Untracked 
|  44|0x0000000082c00000, 0x0000000082c00000, 0x0000000082d00000|  0%| F|  |TAMS 0x0000000082c00000| PB 0x0000000082c00000| Untracked 
|  45|0x0000000082d00000, 0x0000000082d00000, 0x0000000082e00000|  0%| F|  |TAMS 0x0000000082d00000| PB 0x0000000082d00000| Untracked 
|  46|0x0000000082e00000, 0x0000000082e00000, 0x0000000082f00000|  0%| F|  |TAMS 0x0000000082e00000| PB 0x0000000082e00000| Untracked 
|  47|0x0000000082f00000, 0x0000000082f00000, 0x0000000083000000|  0%| F|  |TAMS 0x0000000082f00000| PB 0x0000000082f00000| Untracked 
|  48|0x0000000083000000, 0x0000000083000000, 0x0000000083100000|  0%| F|  |TAMS 0x0000000083000000| PB 0x0000000083000000| Untracked 
|  49|0x0000000083100000, 0x0000000083100000, 0x0000000083200000|  0%| F|  |TAMS 0x0000000083100000| PB 0x0000000083100000| Untracked 
|  50|0x0000000083200000, 0x0000000083200000, 0x0000000083300000|  0%| F|  |TAMS 0x0000000083200000| PB 0x0000000083200000| Untracked 
|  51|0x0000000083300000, 0x0000000083300000, 0x0000000083400000|  0%| F|  |TAMS 0x0000000083300000| PB 0x0000000083300000| Untracked 
|  52|0x0000000083400000, 0x0000000083400000, 0x0000000083500000|  0%| F|  |TAMS 0x0000000083400000| PB 0x0000000083400000| Untracked 
|  53|0x0000000083500000, 0x0000000083500000, 0x0000000083600000|  0%| F|  |TAMS 0x0000000083500000| PB 0x0000000083500000| Untracked 
|  54|0x0000000083600000, 0x0000000083600000, 0x0000000083700000|  0%| F|  |TAMS 0x0000000083600000| PB 0x0000000083600000| Untracked 
|  55|0x0000000083700000, 0x0000000083700000, 0x0000000083800000|  0%| F|  |TAMS 0x0000000083700000| PB 0x0000000083700000| Untracked 
|  56|0x0000000083800000, 0x0000000083800000, 0x0000000083900000|  0%| F|  |TAMS 0x0000000083800000| PB 0x0000000083800000| Untracked 
|  57|0x0000000083900000, 0x0000000083900000, 0x0000000083a00000|  0%| F|  |TAMS 0x0000000083900000| PB 0x0000000083900000| Untracked 
|  58|0x0000000083a00000, 0x0000000083a00000, 0x0000000083b00000|  0%| F|  |TAMS 0x0000000083a00000| PB 0x0000000083a00000| Untracked 
|  59|0x0000000083b00000, 0x0000000083b00000, 0x0000000083c00000|  0%| F|  |TAMS 0x0000000083b00000| PB 0x0000000083b00000| Untracked 
|  60|0x0000000083c00000, 0x0000000083c00000, 0x0000000083d00000|  0%| F|  |TAMS 0x0000000083c00000| PB 0x0000000083c00000| Untracked 
|  61|0x0000000083d00000, 0x0000000083d00000, 0x0000000083e00000|  0%| F|  |TAMS 0x0000000083d00000| PB 0x0000000083d00000| Untracked 
|  62|0x0000000083e00000, 0x0000000083e00000, 0x0000000083f00000|  0%| F|  |TAMS 0x0000000083e00000| PB 0x0000000083e00000| Untracked 
|  63|0x0000000083f00000, 0x0000000083f00000, 0x0000000084000000|  0%| F|  |TAMS 0x0000000083f00000| PB 0x0000000083f00000| Untracked 
|  64|0x0000000084000000, 0x0000000084000000, 0x0000000084100000|  0%| F|  |TAMS 0x0000000084000000| PB 0x0000000084000000| Untracked 
|  65|0x0000000084100000, 0x0000000084100000, 0x0000000084200000|  0%| F|  |TAMS 0x0000000084100000| PB 0x0000000084100000| Untracked 
|  91|0x0000000085b00000, 0x0000000085b00000, 0x0000000085c00000|  0%| F|  |TAMS 0x0000000085b00000| PB 0x0000000085b00000| Untracked 
|  92|0x0000000085c00000, 0x0000000085c00000, 0x0000000085d00000|  0%| F|  |TAMS 0x0000000085c00000| PB 0x0000000085c00000| Untracked 
|  93|0x0000000085d00000, 0x0000000085d00000, 0x0000000085e00000|  0%| F|  |TAMS 0x0000000085d00000| PB 0x0000000085d00000| Untracked 
|  94|0x0000000085e00000, 0x0000000085e00000, 0x0000000085f00000|  0%| F|  |TAMS 0x0000000085e00000| PB 0x0000000085e00000| Untracked 
|  95|0x0000000085f00000, 0x0000000085f00000, 0x0000000086000000|  0%| F|  |TAMS 0x0000000085f00000| PB 0x0000000085f00000| Untracked 
|  96|0x0000000086000000, 0x0000000086000000, 0x0000000086100000|  0%| F|  |TAMS 0x0000000086000000| PB 0x0000000086000000| Untracked 
|  97|0x0000000086100000, 0x0000000086100000, 0x0000000086200000|  0%| F|  |TAMS 0x0000000086100000| PB 0x0000000086100000| Untracked 
|  98|0x0000000086200000, 0x000000008622e188, 0x0000000086300000| 18%| E|  |TAMS 0x0000000086200000| PB 0x0000000086200000| Complete 
|  99|0x0000000086300000, 0x0000000086400000, 0x0000000086400000|100%| E|CS|TAMS 0x0000000086300000| PB 0x0000000086300000| Complete 
| 100|0x0000000086400000, 0x0000000086500000, 0x0000000086500000|100%| E|CS|TAMS 0x0000000086400000| PB 0x0000000086400000| Complete 
| 101|0x0000000086500000, 0x0000000086600000, 0x0000000086600000|100%| E|CS|TAMS 0x0000000086500000| PB 0x0000000086500000| Complete 
| 102|0x0000000086600000, 0x0000000086700000, 0x0000000086700000|100%| E|CS|TAMS 0x0000000086600000| PB 0x0000000086600000| Complete 
| 103|0x0000000086700000, 0x0000000086800000, 0x0000000086800000|100%| E|CS|TAMS 0x0000000086700000| PB 0x0000000086700000| Complete 
| 104|0x0000000086800000, 0x0000000086900000, 0x0000000086900000|100%| E|CS|TAMS 0x0000000086800000| PB 0x0000000086800000| Complete 
| 251|0x000000008fb00000, 0x000000008fc00000, 0x000000008fc00000|100%| E|CS|TAMS 0x000000008fb00000| PB 0x000000008fb00000| Complete 
|2042|0x00000000ffa00000, 0x00000000ffb00000, 0x00000000ffb00000|100%| O|  |TAMS 0x00000000ffa00000| PB 0x00000000ffa00000| Untracked 
|2043|0x00000000ffb00000, 0x00000000ffc00000, 0x00000000ffc00000|100%| O|  |TAMS 0x00000000ffb00000| PB 0x00000000ffb00000| Untracked 
|2044|0x00000000ffc00000, 0x00000000ffd00000, 0x00000000ffd00000|100%| O|  |TAMS 0x00000000ffc00000| PB 0x00000000ffc00000| Untracked 
|2045|0x00000000ffd00000, 0x00000000ffe00000, 0x00000000ffe00000|100%| O|  |TAMS 0x00000000ffd00000| PB 0x00000000ffd00000| Untracked 
|2046|0x00000000ffe00000, 0x00000000fff00000, 0x00000000fff00000|100%| O|  |TAMS 0x00000000ffe00000| PB 0x00000000ffe00000| Untracked 
|2047|0x00000000fff00000, 0x0000000100000000, 0x0000000100000000|100%| O|  |TAMS 0x00000000fff00000| PB 0x00000000fff00000| Untracked 

Card table byte_map: [0x00000194bb9c0000,0x00000194bbdc0000] _byte_map_base: 0x00000194bb5c0000

Marking Bits: (CMBitMap*) 0x00000194a8c35550
 Bits: [0x00000194bbdc0000, 0x00000194bddc0000)

Polling page: 0x00000194a6a30000

Metaspace:

Usage:
  Non-class:     45.97 MB used.
      Class:      7.52 MB used.
       Both:     53.49 MB used.

Virtual space:
  Non-class space:       64.00 MB reserved,      46.69 MB ( 73%) committed,  1 nodes.
      Class space:        1.00 GB reserved,       8.25 MB ( <1%) committed,  1 nodes.
             Both:        1.06 GB reserved,      54.94 MB (  5%) committed. 

Chunk freelists:
   Non-Class:  1.23 MB
       Class:  7.78 MB
        Both:  9.02 MB

MaxMetaspaceSize: unlimited
CompressedClassSpaceSize: 1.00 GB
Initial GC threshold: 21.00 MB
Current GC threshold: 58.69 MB
CDS: off
 - commit_granule_bytes: 65536.
 - commit_granule_words: 8192.
 - virtual_space_node_default_size: 8388608.
 - enlarge_chunks_in_place: 1.
 - use_allocation_guard: 0.


Internal statistics:

num_allocs_failed_limit: 6.
num_arena_births: 2830.
num_arena_deaths: 0.
num_vsnodes_births: 2.
num_vsnodes_deaths: 0.
num_space_committed: 879.
num_space_uncommitted: 0.
num_chunks_returned_to_freelist: 6.
num_chunks_taken_from_freelist: 5070.
num_chunk_merges: 3.
num_chunk_splits: 3253.
num_chunks_enlarged: 1941.
num_inconsistent_stats: 0.

CodeHeap 'non-profiled nmethods': size=119168Kb used=3152Kb max_used=3152Kb free=116015Kb
 bounds [0x00000194b38e0000, 0x00000194b3c00000, 0x00000194bad40000]
CodeHeap 'profiled nmethods': size=119104Kb used=9286Kb max_used=9286Kb free=109817Kb
 bounds [0x00000194abd40000, 0x00000194ac660000, 0x00000194b3190000]
CodeHeap 'non-nmethods': size=7488Kb used=3532Kb max_used=3583Kb free=3955Kb
 bounds [0x00000194b3190000, 0x00000194b3520000, 0x00000194b38e0000]
CodeCache: size=245760Kb, used=15970Kb, max_used=16021Kb, free=229787Kb
 total_blobs=5530, nmethods=4793, adapters=638, full_count=0
Compilation: enabled, stopped_count=0, restarted_count=0

Compilation events (20 events):
Event: 9.704 Thread 0x00000194c107aac0 5271       3       com.google.common.cache.LocalCache::unset (4 bytes)
Event: 9.704 Thread 0x00000194c101cd80 5269       3       java.util.ArrayDeque::sub (14 bytes)
Event: 9.704 Thread 0x00000194c0ed9fe0 nmethod 5263 0x00000194b3bf2390 code [0x00000194b3bf2520, 0x00000194b3bf25e8]
Event: 9.704 Thread 0x00000194c0ed9fe0 5270       1       com.google.common.io.CountingInputStream::getCount (5 bytes)
Event: 9.704 Thread 0x00000194c107aac0 nmethod 5271 0x00000194ac647d10 code [0x00000194ac647ea0, 0x00000194ac647f98]
Event: 9.704 Thread 0x00000194c0ed9fe0 nmethod 5270 0x00000194b3bf2690 code [0x00000194b3bf2820, 0x00000194b3bf28e8]
Event: 9.704 Thread 0x00000194c101cd80 nmethod 5269 0x00000194ac648010 code [0x00000194ac6481a0, 0x00000194ac6482c0]
Event: 9.704 Thread 0x00000194c198ea60 nmethod 5267 0x00000194ac648390 code [0x00000194ac6485e0, 0x00000194ac648e80]
Event: 9.704 Thread 0x00000194c101cd80 5272       3       org.gradle.api.internal.cache.StringInterner::intern (9 bytes)
Event: 9.705 Thread 0x00000194c0ed9fe0 5273       3       org.gradle.internal.snapshot.impl.DirectorySnapshotter$PathVisitor::intern (14 bytes)
Event: 9.705 Thread 0x00000194c0ecc140 5274       4       java.util.concurrent.atomic.AtomicReferenceArray::length (6 bytes)
Event: 9.705 Thread 0x00000194c0ed9fe0 nmethod 5273 0x00000194ac649190 code [0x00000194ac649340, 0x00000194ac6495e8]
Event: 9.705 Thread 0x00000194c101cd80 nmethod 5272 0x00000194ac649710 code [0x00000194ac6498e0, 0x00000194ac649d18]
Event: 9.706 Thread 0x00000194c0ecc140 nmethod 5274 0x00000194b3bf2990 code [0x00000194b3bf2b20, 0x00000194b3bf2bc0]
Event: 9.706 Thread 0x00000194c101cd80 5275       3       com.google.common.cache.LocalCache::recordsWrite (20 bytes)
Event: 9.706 Thread 0x00000194c101cd80 nmethod 5275 0x00000194ac649e10 code [0x00000194ac649fc0, 0x00000194ac64a2e0]
Event: 9.706 Thread 0x00000194c198ea60 5276       3       com.google.common.cache.LocalCache$Segment::getEntry (73 bytes)
Event: 9.706 Thread 0x00000194c101cd80 5277       3       com.google.common.cache.LocalCache$Segment::getFirst (21 bytes)
Event: 9.706 Thread 0x00000194c107aac0 5278       3       java.util.concurrent.atomic.LongAdder::add (96 bytes)
Event: 9.706 Thread 0x00000194c0ed9fe0 5279       3       java.util.concurrent.atomic.Striped64::casBase (10 bytes)

GC Heap History (18 events):
Event: 0.534 GC heap before
{Heap before GC invocations=0 (full 0):
 garbage-first heap   total 258048K, used 23552K [0x0000000080000000, 0x0000000100000000)
  region size 1024K, 23 young (23552K), 0 survivors (0K)
 Metaspace       used 7890K, committed 8000K, reserved 1114112K
  class space    used 733K, committed 768K, reserved 1048576K
}
Event: 0.538 GC heap after
{Heap after GC invocations=1 (full 0):
 garbage-first heap   total 258048K, used 1517K [0x0000000080000000, 0x0000000100000000)
  region size 1024K, 2 young (2048K), 2 survivors (2048K)
 Metaspace       used 7890K, committed 8000K, reserved 1114112K
  class space    used 733K, committed 768K, reserved 1048576K
}
Event: 1.227 GC heap before
{Heap before GC invocations=1 (full 0):
 garbage-first heap   total 258048K, used 41453K [0x0000000080000000, 0x0000000100000000)
  region size 1024K, 38 young (38912K), 2 survivors (2048K)
 Metaspace       used 11892K, committed 12032K, reserved 1114112K
  class space    used 1272K, committed 1344K, reserved 1048576K
}
Event: 1.234 GC heap after
{Heap after GC invocations=2 (full 0):
 garbage-first heap   total 258048K, used 11093K [0x0000000080000000, 0x0000000100000000)
  region size 1024K, 5 young (5120K), 5 survivors (5120K)
 Metaspace       used 11892K, committed 12032K, reserved 1114112K
  class space    used 1272K, committed 1344K, reserved 1048576K
}
Event: 2.627 GC heap before
{Heap before GC invocations=2 (full 0):
 garbage-first heap   total 258048K, used 157525K [0x0000000080000000, 0x0000000100000000)
  region size 1024K, 147 young (150528K), 5 survivors (5120K)
 Metaspace       used 21176K, committed 21504K, reserved 1114112K
  class space    used 2462K, committed 2624K, reserved 1048576K
}
Event: 2.639 GC heap after
{Heap after GC invocations=3 (full 0):
 garbage-first heap   total 258048K, used 21333K [0x0000000080000000, 0x0000000100000000)
  region size 1024K, 14 young (14336K), 14 survivors (14336K)
 Metaspace       used 21176K, committed 21504K, reserved 1114112K
  class space    used 2462K, committed 2624K, reserved 1048576K
}
Event: 3.950 GC heap before
{Heap before GC invocations=4 (full 0):
 garbage-first heap   total 71680K, used 70485K [0x0000000080000000, 0x0000000100000000)
  region size 1024K, 61 young (62464K), 14 survivors (14336K)
 Metaspace       used 29497K, committed 30016K, reserved 1114112K
  class space    used 3636K, committed 3904K, reserved 1048576K
}
Event: 3.960 GC heap after
{Heap after GC invocations=5 (full 0):
 garbage-first heap   total 89088K, used 23241K [0x0000000080000000, 0x0000000100000000)
  region size 1024K, 11 young (11264K), 11 survivors (11264K)
 Metaspace       used 29497K, committed 30016K, reserved 1114112K
  class space    used 3636K, committed 3904K, reserved 1048576K
}
Event: 4.938 GC heap before
{Heap before GC invocations=5 (full 0):
 garbage-first heap   total 89088K, used 65225K [0x0000000080000000, 0x0000000100000000)
  region size 1024K, 52 young (53248K), 11 survivors (11264K)
 Metaspace       used 35059K, committed 35776K, reserved 1114112K
  class space    used 4572K, committed 4928K, reserved 1048576K
}
Event: 4.945 GC heap after
{Heap after GC invocations=6 (full 0):
 garbage-first heap   total 89088K, used 25755K [0x0000000080000000, 0x0000000100000000)
  region size 1024K, 6 young (6144K), 6 survivors (6144K)
 Metaspace       used 35059K, committed 35776K, reserved 1114112K
  class space    used 4572K, committed 4928K, reserved 1048576K
}
Event: 4.990 GC heap before
{Heap before GC invocations=6 (full 0):
 garbage-first heap   total 89088K, used 27803K [0x0000000080000000, 0x0000000100000000)
  region size 1024K, 9 young (9216K), 6 survivors (6144K)
 Metaspace       used 35331K, committed 35968K, reserved 1114112K
  class space    used 4607K, committed 4928K, reserved 1048576K
}
Event: 4.993 GC heap after
{Heap after GC invocations=7 (full 0):
 garbage-first heap   total 89088K, used 26744K [0x0000000080000000, 0x0000000100000000)
  region size 1024K, 4 young (4096K), 4 survivors (4096K)
 Metaspace       used 35331K, committed 35968K, reserved 1114112K
  class space    used 4607K, committed 4928K, reserved 1048576K
}
Event: 5.932 GC heap before
{Heap before GC invocations=8 (full 0):
 garbage-first heap   total 89088K, used 72824K [0x0000000080000000, 0x0000000100000000)
  region size 1024K, 49 young (50176K), 4 survivors (4096K)
 Metaspace       used 41414K, committed 42432K, reserved 1114112K
  class space    used 5670K, committed 6144K, reserved 1048576K
}
Event: 5.936 GC heap after
{Heap after GC invocations=9 (full 0):
 garbage-first heap   total 89088K, used 28561K [0x0000000080000000, 0x0000000100000000)
  region size 1024K, 6 young (6144K), 6 survivors (6144K)
 Metaspace       used 41414K, committed 42432K, reserved 1114112K
  class space    used 5670K, committed 6144K, reserved 1048576K
}
Event: 7.469 GC heap before
{Heap before GC invocations=9 (full 0):
 garbage-first heap   total 89088K, used 74641K [0x0000000080000000, 0x0000000100000000)
  region size 1024K, 51 young (52224K), 6 survivors (6144K)
 Metaspace       used 48644K, committed 49920K, reserved 1114112K
  class space    used 6698K, committed 7296K, reserved 1048576K
}
Event: 7.476 GC heap after
{Heap after GC invocations=10 (full 0):
 garbage-first heap   total 89088K, used 32492K [0x0000000080000000, 0x0000000100000000)
  region size 1024K, 7 young (7168K), 7 survivors (7168K)
 Metaspace       used 48644K, committed 49920K, reserved 1114112K
  class space    used 6698K, committed 7296K, reserved 1048576K
}
Event: 9.562 GC heap before
{Heap before GC invocations=10 (full 0):
 garbage-first heap   total 89088K, used 76524K [0x0000000080000000, 0x0000000100000000)
  region size 1024K, 50 young (51200K), 7 survivors (7168K)
 Metaspace       used 54177K, committed 55680K, reserved 1114112K
  class space    used 7601K, committed 8320K, reserved 1048576K
}
Event: 9.568 GC heap after
{Heap after GC invocations=11 (full 0):
 garbage-first heap   total 89088K, used 35678K [0x0000000080000000, 0x0000000100000000)
  region size 1024K, 4 young (4096K), 4 survivors (4096K)
 Metaspace       used 54177K, committed 55680K, reserved 1114112K
  class space    used 7601K, committed 8320K, reserved 1048576K
}

Dll operation events (3 events):
Event: 0.051 Loaded shared library D:\Android\jbr\bin\java.dll
Event: 0.060 Loaded shared library D:\Android\jbr\bin\zip.dll
Event: 0.894 Loaded shared library D:\Android\jbr\bin\verify.dll

Deoptimization events (20 events):
Event: 9.560 Thread 0x00000194c7cf1160 Uncommon trap: trap_request=0xffffffde fr.pc=0x00000194b3ac802c relative=0x000000000000008c
Event: 9.560 Thread 0x00000194c7cf1160 Uncommon trap: reason=class_check action=maybe_recompile pc=0x00000194b3ac802c method=java.util.Collections$SetFromMap.remove(Ljava/lang/Object;)Z @ 5 c2
Event: 9.560 Thread 0x00000194c7cf1160 DEOPT PACKING pc=0x00000194b3ac802c sp=0x0000008c39ef97e0
Event: 9.560 Thread 0x00000194c7cf1160 DEOPT UNPACKING pc=0x00000194b31e43a2 sp=0x0000008c39ef9778 mode 2
Event: 9.594 Thread 0x00000194c7cf1160 Uncommon trap: trap_request=0xffffffde fr.pc=0x00000194b3ac802c relative=0x000000000000008c
Event: 9.594 Thread 0x00000194c7cf1160 Uncommon trap: reason=class_check action=maybe_recompile pc=0x00000194b3ac802c method=java.util.Collections$SetFromMap.remove(Ljava/lang/Object;)Z @ 5 c2
Event: 9.594 Thread 0x00000194c7cf1160 DEOPT PACKING pc=0x00000194b3ac802c sp=0x0000008c39ef9960
Event: 9.594 Thread 0x00000194c7cf1160 DEOPT UNPACKING pc=0x00000194b31e43a2 sp=0x0000008c39ef98f8 mode 2
Event: 9.652 Thread 0x00000194c8386660 Uncommon trap: trap_request=0xffffffc6 fr.pc=0x00000194b3b459d0 relative=0x0000000000000b50
Event: 9.652 Thread 0x00000194c8386660 Uncommon trap: reason=bimorphic_or_optimized_type_check action=maybe_recompile pc=0x00000194b3b459d0 method=java.io.BufferedInputStream.implRead([BII)I @ 100 c2
Event: 9.652 Thread 0x00000194c8386660 DEOPT PACKING pc=0x00000194b3b459d0 sp=0x0000008c3a6fe360
Event: 9.652 Thread 0x00000194c8386660 DEOPT UNPACKING pc=0x00000194b31e43a2 sp=0x0000008c3a6fe328 mode 2
Event: 9.657 Thread 0x00000194c8386660 Uncommon trap: trap_request=0xffffffc6 fr.pc=0x00000194b3b459d0 relative=0x0000000000000b50
Event: 9.657 Thread 0x00000194c8386660 Uncommon trap: reason=bimorphic_or_optimized_type_check action=maybe_recompile pc=0x00000194b3b459d0 method=java.io.BufferedInputStream.implRead([BII)I @ 100 c2
Event: 9.657 Thread 0x00000194c8386660 DEOPT PACKING pc=0x00000194b3b459d0 sp=0x0000008c3a6fe360
Event: 9.657 Thread 0x00000194c8386660 DEOPT UNPACKING pc=0x00000194b31e43a2 sp=0x0000008c3a6fe328 mode 2
Event: 9.675 Thread 0x00000194cb4f7e10 Uncommon trap: trap_request=0xffffff45 fr.pc=0x00000194b3a2779c relative=0x00000000000002bc
Event: 9.675 Thread 0x00000194cb4f7e10 Uncommon trap: reason=unstable_if action=reinterpret pc=0x00000194b3a2779c method=java.lang.ThreadLocal$ThreadLocalMap.getEntry(Ljava/lang/ThreadLocal;)Ljava/lang/ThreadLocal$ThreadLocalMap$Entry; @ 29 c2
Event: 9.675 Thread 0x00000194cb4f7e10 DEOPT PACKING pc=0x00000194b3a2779c sp=0x0000008c3b2fc6d0
Event: 9.675 Thread 0x00000194cb4f7e10 DEOPT UNPACKING pc=0x00000194b31e43a2 sp=0x0000008c3b2fc480 mode 2

Classes loaded (20 events):
Event: 9.613 Loading class jdk/internal/reflect/ByteVectorImpl
Event: 9.613 Loading class jdk/internal/reflect/ByteVector
Event: 9.613 Loading class jdk/internal/reflect/ByteVector done
Event: 9.613 Loading class jdk/internal/reflect/ByteVectorImpl done
Event: 9.613 Loading class jdk/internal/reflect/ClassFileAssembler
Event: 9.613 Loading class jdk/internal/reflect/ClassFileAssembler done
Event: 9.613 Loading class jdk/internal/reflect/UTF8
Event: 9.613 Loading class jdk/internal/reflect/UTF8 done
Event: 9.614 Loading class jdk/internal/reflect/Label
Event: 9.614 Loading class jdk/internal/reflect/Label done
Event: 9.614 Loading class jdk/internal/reflect/Label$PatchInfo
Event: 9.614 Loading class jdk/internal/reflect/Label$PatchInfo done
Event: 9.614 Loading class jdk/internal/reflect/MethodAccessorGenerator$1
Event: 9.614 Loading class jdk/internal/reflect/MethodAccessorGenerator$1 done
Event: 9.614 Loading class jdk/internal/reflect/ClassDefiner
Event: 9.614 Loading class jdk/internal/reflect/ClassDefiner done
Event: 9.614 Loading class jdk/internal/reflect/ClassDefiner$1
Event: 9.614 Loading class jdk/internal/reflect/ClassDefiner$1 done
Event: 9.614 Loading class jdk/internal/reflect/SerializationConstructorAccessorImpl
Event: 9.614 Loading class jdk/internal/reflect/SerializationConstructorAccessorImpl done

Classes unloaded (0 events):
No events

Classes redefined (0 events):
No events

Internal exceptions (20 events):
Event: 9.329 Thread 0x00000194c7cf1160 Exception <a 'java/lang/NoSuchMethodError'{0x0000000082e2beb0}: 'java.lang.Object java.lang.invoke.Invokers$Holder.linkToTargetMethod(java.lang.Object, java.lang.Object, int, java.lang.Object, java.lang.Object)'> (0x0000000082e2beb0) 
thrown [s\src\hotspot\share\interpreter\linkResolver.cpp, line 784]
Event: 9.441 Thread 0x00000194c7cf1160 Exception <a 'java/lang/NoSuchMethodError'{0x0000000082b5dd28}: 'java.lang.Object java.lang.invoke.DirectMethodHandle$Holder.newInvokeSpecial(java.lang.Object, java.lang.Object, java.lang.Object, int)'> (0x0000000082b5dd28) 
thrown [s\src\hotspot\share\interpreter\linkResolver.cpp, line 784]
Event: 9.442 Thread 0x00000194c7cf1160 Exception <a 'java/lang/NoSuchMethodError'{0x0000000082b62380}: 'java.lang.Object java.lang.invoke.Invokers$Holder.linkToTargetMethod(java.lang.Object, java.lang.Object, int, java.lang.Object)'> (0x0000000082b62380) 
thrown [s\src\hotspot\share\interpreter\linkResolver.cpp, line 784]
Event: 9.510 Thread 0x00000194c7cf1160 Exception <a 'java/lang/NoSuchMethodError'{0x000000008285b318}: 'java.lang.Object java.lang.invoke.DirectMethodHandle$Holder.invokeSpecial(java.lang.Object, java.lang.Object, long, java.lang.Object, java.lang.Object)'> (0x000000008285b318) 
thrown [s\src\hotspot\share\interpreter\linkResolver.cpp, line 784]
Event: 9.534 Thread 0x00000194c7cf1160 Exception <a 'sun/nio/fs/WindowsException'{0x00000000827903c8}> (0x00000000827903c8) 
thrown [s\src\hotspot\share\prims\jni.cpp, line 537]
Event: 9.541 Thread 0x00000194c7cf1160 Exception <a 'sun/nio/fs/WindowsException'{0x00000000827e3dc8}> (0x00000000827e3dc8) 
thrown [s\src\hotspot\share\prims\jni.cpp, line 537]
Event: 9.590 Thread 0x00000194c7cf1160 Exception <a 'java/lang/NoSuchMethodError'{0x000000008682f768}: 'int java.lang.invoke.DirectMethodHandle$Holder.invokeInterface(java.lang.Object, java.lang.Object, java.lang.Object, java.lang.Object, java.lang.Object)'> (0x000000008682f768) 
thrown [s\src\hotspot\share\interpreter\linkResolver.cpp, line 784]
Event: 9.617 Thread 0x00000194c7cf1160 Exception <a 'java/lang/NoSuchMethodError'{0x0000000086750f48}: 'java.lang.Object java.lang.invoke.DirectMethodHandle$Holder.newInvokeSpecial(java.lang.Object, java.lang.Object, java.lang.Object, java.lang.Object, int, java.lang.Object)'> (0x0000000086750f48) 
thrown [s\src\hotspot\share\interpreter\linkResolver.cpp, line 784]
Event: 9.618 Thread 0x00000194c7cf1160 Exception <a 'java/lang/NoSuchMethodError'{0x0000000086755f30}: 'java.lang.Object java.lang.invoke.DirectMethodHandle$Holder.invokeSpecial(java.lang.Object, java.lang.Object, java.lang.Object, java.lang.Object, java.lang.Object, int, java.lang.Object)'> (0x0000000086755f30) 
thrown [s\src\hotspot\share\interpreter\linkResolver.cpp, line 784]
Event: 9.618 Thread 0x00000194c7cf1160 Exception <a 'java/lang/NoSuchMethodError'{0x000000008675a558}: 'java.lang.Object java.lang.invoke.Invokers$Holder.linkToTargetMethod(java.lang.Object, java.lang.Object, java.lang.Object, int, java.lang.Object, java.lang.Object)'> (0x000000008675a558) 
thrown [s\src\hotspot\share\interpreter\linkResolver.cpp, line 784]
Event: 9.662 Thread 0x00000194cb4f7780 Exception <a 'sun/nio/fs/WindowsException'{0x00000000865428c0}> (0x00000000865428c0) 
thrown [s\src\hotspot\share\prims\jni.cpp, line 537]
Event: 9.662 Thread 0x00000194cb4f56b0 Exception <a 'sun/nio/fs/WindowsException'{0x000000008654f878}> (0x000000008654f878) 
thrown [s\src\hotspot\share\prims\jni.cpp, line 537]
Event: 9.662 Thread 0x00000194cb4f7e10 Exception <a 'sun/nio/fs/WindowsException'{0x000000008656f098}> (0x000000008656f098) 
thrown [s\src\hotspot\share\prims\jni.cpp, line 537]
Event: 9.664 Thread 0x00000194cb4f91c0 Exception <a 'sun/nio/fs/WindowsException'{0x000000008658e6d8}> (0x000000008658e6d8) 
thrown [s\src\hotspot\share\prims\jni.cpp, line 537]
Event: 9.666 Thread 0x00000194cb4f70f0 Exception <a 'sun/nio/fs/WindowsException'{0x00000000865adc08}> (0x00000000865adc08) 
thrown [s\src\hotspot\share\prims\jni.cpp, line 537]
Event: 9.667 Thread 0x00000194cb4f84a0 Exception <a 'sun/nio/fs/WindowsException'{0x00000000865cd1f8}> (0x00000000865cd1f8) 
thrown [s\src\hotspot\share\prims\jni.cpp, line 537]
Event: 9.669 Thread 0x00000194cb4f8b30 Exception <a 'sun/nio/fs/WindowsException'{0x00000000865fce08}> (0x00000000865fce08) 
thrown [s\src\hotspot\share\prims\jni.cpp, line 537]
Event: 9.672 Thread 0x00000194cb4f5d40 Exception <a 'sun/nio/fs/WindowsException'{0x0000000086416860}> (0x0000000086416860) 
thrown [s\src\hotspot\share\prims\jni.cpp, line 537]
Event: 9.674 Thread 0x00000194cb4f9850 Exception <a 'sun/nio/fs/WindowsException'{0x0000000086436148}> (0x0000000086436148) 
thrown [s\src\hotspot\share\prims\jni.cpp, line 537]
Event: 9.676 Thread 0x00000194c7cf1160 Exception <a 'sun/nio/fs/WindowsException'{0x00000000866f42f0}> (0x00000000866f42f0) 
thrown [s\src\hotspot\share\prims\jni.cpp, line 537]

ZGC Phase Switch (0 events):
No events

VM Operations (20 events):
Event: 6.969 Executing non-safepoint VM operation: HandshakeAllThreads (Deoptimize)
Event: 6.969 Executing non-safepoint VM operation: HandshakeAllThreads (Deoptimize) done
Event: 7.469 Executing safepoint VM operation: G1CollectForAllocation (G1 Evacuation Pause)
Event: 7.476 Executing safepoint VM operation: G1CollectForAllocation (G1 Evacuation Pause) done
Event: 7.505 Executing non-safepoint VM operation: HandshakeAllThreads (Deoptimize)
Event: 7.505 Executing non-safepoint VM operation: HandshakeAllThreads (Deoptimize) done
Event: 7.514 Executing non-safepoint VM operation: HandshakeAllThreads (Deoptimize)
Event: 7.515 Executing non-safepoint VM operation: HandshakeAllThreads (Deoptimize) done
Event: 7.516 Executing non-safepoint VM operation: HandshakeAllThreads (Deoptimize)
Event: 7.516 Executing non-safepoint VM operation: HandshakeAllThreads (Deoptimize) done
Event: 8.505 Executing non-safepoint VM operation: HandshakeAllThreads (Deoptimize)
Event: 8.505 Executing non-safepoint VM operation: HandshakeAllThreads (Deoptimize) done
Event: 8.505 Executing safepoint VM operation: Cleanup
Event: 8.506 Executing safepoint VM operation: Cleanup done
Event: 8.712 Executing non-safepoint VM operation: HandshakeAllThreads (Deoptimize)
Event: 8.712 Executing non-safepoint VM operation: HandshakeAllThreads (Deoptimize) done
Event: 8.724 Executing non-safepoint VM operation: HandshakeAllThreads (Deoptimize)
Event: 8.724 Executing non-safepoint VM operation: HandshakeAllThreads (Deoptimize) done
Event: 9.562 Executing safepoint VM operation: G1CollectForAllocation (G1 Evacuation Pause)
Event: 9.568 Executing safepoint VM operation: G1CollectForAllocation (G1 Evacuation Pause) done

Memory protections (0 events):
No events

Nmethod flushes (20 events):
Event: 5.005 Thread 0x00000194c0e4cc00 flushing  nmethod 0x00000194abe09310
Event: 5.005 Thread 0x00000194c0e4cc00 flushing  nmethod 0x00000194abe09990
Event: 5.005 Thread 0x00000194c0e4cc00 flushing  nmethod 0x00000194abe09d90
Event: 5.005 Thread 0x00000194c0e4cc00 flushing  nmethod 0x00000194abe0b010
Event: 5.005 Thread 0x00000194c0e4cc00 flushing  nmethod 0x00000194abe0bb90
Event: 5.005 Thread 0x00000194c0e4cc00 flushing  nmethod 0x00000194abeb8910
Event: 5.005 Thread 0x00000194c0e4cc00 flushing  nmethod 0x00000194abeb8e10
Event: 5.005 Thread 0x00000194c0e4cc00 flushing  nmethod 0x00000194abebb510
Event: 5.005 Thread 0x00000194c0e4cc00 flushing  nmethod 0x00000194abebc190
Event: 5.005 Thread 0x00000194c0e4cc00 flushing  nmethod 0x00000194abebd310
Event: 5.005 Thread 0x00000194c0e4cc00 flushing  nmethod 0x00000194abebdb10
Event: 5.005 Thread 0x00000194c0e4cc00 flushing  nmethod 0x00000194abebe710
Event: 5.005 Thread 0x00000194c0e4cc00 flushing  nmethod 0x00000194abec0f90
Event: 5.005 Thread 0x00000194c0e4cc00 flushing  nmethod 0x00000194abecc890
Event: 5.005 Thread 0x00000194c0e4cc00 flushing  nmethod 0x00000194abfdf090
Event: 5.005 Thread 0x00000194c0e4cc00 flushing  nmethod 0x00000194ac056d10
Event: 5.005 Thread 0x00000194c0e4cc00 flushing  nmethod 0x00000194ac145910
Event: 5.005 Thread 0x00000194c0e4cc00 flushing  nmethod 0x00000194ac14b990
Event: 5.005 Thread 0x00000194c0e4cc00 flushing  nmethod 0x00000194ac1d7310
Event: 5.005 Thread 0x00000194c0e4cc00 flushing  nmethod 0x00000194ac1d7790

Events (20 events):
Event: 6.098 Thread 0x00000194c7cf1160 Thread added: 0x00000194c8383f00
Event: 6.403 Thread 0x00000194c7cf1160 Thread added: 0x00000194c8388dc0
Event: 6.489 Thread 0x00000194c7cf1160 Thread added: 0x00000194c83880a0
Event: 6.582 Thread 0x00000194c0ecc140 Thread added: 0x00000194c8d5ebd0
Event: 7.393 Thread 0x00000194c8d5ebd0 Thread exited: 0x00000194c8d5ebd0
Event: 7.408 Thread 0x00000194c13bdc20 Thread exited: 0x00000194c13bdc20
Event: 7.595 Thread 0x00000194c0ecc140 Thread added: 0x00000194c8d5c9c0
Event: 8.007 Thread 0x00000194c7cf1160 Thread added: 0x00000194c8387a10
Event: 8.096 Thread 0x00000194c8d5c9c0 Thread exited: 0x00000194c8d5c9c0
Event: 9.465 Thread 0x00000194c101cd80 Thread added: 0x00000194c8d5de30
Event: 9.656 Thread 0x00000194c7cf1160 Thread added: 0x00000194cb4f7780
Event: 9.658 Thread 0x00000194c7cf1160 Thread added: 0x00000194cb4f56b0
Event: 9.660 Thread 0x00000194c7cf1160 Thread added: 0x00000194cb4f7e10
Event: 9.661 Thread 0x00000194c7cf1160 Thread added: 0x00000194cb4f91c0
Event: 9.663 Thread 0x00000194c7cf1160 Thread added: 0x00000194cb4f70f0
Event: 9.665 Thread 0x00000194c7cf1160 Thread added: 0x00000194cb4f84a0
Event: 9.666 Thread 0x00000194c7cf1160 Thread added: 0x00000194cb4f8b30
Event: 9.668 Thread 0x00000194c7cf1160 Thread added: 0x00000194cb4f5d40
Event: 9.670 Thread 0x00000194c7cf1160 Thread added: 0x00000194cb4f9850
Event: 9.673 Thread 0x00000194c7cf1160 Thread added: 0x00000194cb4f63d0


Dynamic libraries:
0x00007ff608c80000 - 0x00007ff608c8a000 	D:\Android\jbr\bin\java.exe
0x00007ffb99820000 - 0x00007ffb99a87000 	C:\WINDOWS\SYSTEM32\ntdll.dll
0x00007ffb98390000 - 0x00007ffb98459000 	C:\WINDOWS\System32\KERNEL32.DLL
0x00007ffb96340000 - 0x00007ffb96731000 	C:\WINDOWS\System32\KERNELBASE.dll
0x00007ffb969b0000 - 0x00007ffb96afb000 	C:\WINDOWS\System32\ucrtbase.dll
0x00007ffb81300000 - 0x00007ffb8131b000 	D:\Android\jbr\bin\VCRUNTIME140.dll
0x00007ffb60120000 - 0x00007ffb60138000 	D:\Android\jbr\bin\jli.dll
0x00007ffb985c0000 - 0x00007ffb98785000 	C:\WINDOWS\System32\USER32.dll
0x00007ffb96b00000 - 0x00007ffb96b27000 	C:\WINDOWS\System32\win32u.dll
0x00007ffb78660000 - 0x00007ffb788f3000 	C:\WINDOWS\WinSxS\amd64_microsoft.windows.common-controls_6595b64144ccf1df_6.0.26100.8037_none_3e092faae333b53b\COMCTL32.dll
0x00007ffb982a0000 - 0x00007ffb982cb000 	C:\WINDOWS\System32\GDI32.dll
0x00007ffb98f00000 - 0x00007ffb98fa9000 	C:\WINDOWS\System32\msvcrt.dll
0x00007ffb967f0000 - 0x00007ffb9691b000 	C:\WINDOWS\System32\gdi32full.dll
0x00007ffb96740000 - 0x00007ffb967e3000 	C:\WINDOWS\System32\msvcp_win.dll
0x00007ffb984f0000 - 0x00007ffb98521000 	C:\WINDOWS\System32\IMM32.DLL
0x00007ffb93680000 - 0x00007ffb9368c000 	D:\Android\jbr\bin\vcruntime140_1.dll
0x00007ffb404a0000 - 0x00007ffb4052d000 	D:\Android\jbr\bin\msvcp140.dll
0x00007ffb05400000 - 0x00007ffb06096000 	D:\Android\jbr\bin\server\jvm.dll
0x00007ffb99000000 - 0x00007ffb990bb000 	C:\WINDOWS\System32\ADVAPI32.dll
0x00007ffb980b0000 - 0x00007ffb98157000 	C:\WINDOWS\System32\sechost.dll
0x00007ffb98170000 - 0x00007ffb98288000 	C:\WINDOWS\System32\RPCRT4.dll
0x00007ffb98470000 - 0x00007ffb984e4000 	C:\WINDOWS\System32\WS2_32.dll
0x00007ffb91390000 - 0x00007ffb913c5000 	C:\WINDOWS\SYSTEM32\WINMM.dll
0x00007ffb7a9b0000 - 0x00007ffb7a9bb000 	C:\WINDOWS\SYSTEM32\VERSION.dll
0x00007ffb95f60000 - 0x00007ffb95fbe000 	C:\WINDOWS\SYSTEM32\POWRPROF.dll
0x00007ffb95f40000 - 0x00007ffb95f54000 	C:\WINDOWS\SYSTEM32\UMPDC.dll
0x00007ffb94e90000 - 0x00007ffb94eab000 	C:\WINDOWS\SYSTEM32\kernel.appcore.dll
0x00007ffb93650000 - 0x00007ffb9365a000 	D:\Android\jbr\bin\jimage.dll
0x00007ffb93d20000 - 0x00007ffb93f62000 	C:\WINDOWS\SYSTEM32\DBGHELP.DLL
0x00007ffb977a0000 - 0x00007ffb97b22000 	C:\WINDOWS\System32\combase.dll
0x00007ffb97e70000 - 0x00007ffb97f47000 	C:\WINDOWS\System32\OLEAUT32.dll
0x00007ffb5bfe0000 - 0x00007ffb5c01b000 	C:\WINDOWS\SYSTEM32\dbgcore.DLL
0x00007ffb96b30000 - 0x00007ffb96bd5000 	C:\WINDOWS\System32\bcryptPrimitives.dll
0x00007ffb60110000 - 0x00007ffb6011e000 	D:\Android\jbr\bin\instrument.dll
0x00007ffb81260000 - 0x00007ffb81280000 	D:\Android\jbr\bin\java.dll
0x00007ffb81240000 - 0x00007ffb81258000 	D:\Android\jbr\bin\zip.dll
0x00007ffb98790000 - 0x00007ffb98eef000 	C:\WINDOWS\System32\SHELL32.dll
0x00007ffb96be0000 - 0x00007ffb96d4a000 	C:\WINDOWS\System32\wintypes.dll
0x00007ffb96d50000 - 0x00007ffb975b4000 	C:\WINDOWS\System32\windows.storage.dll
0x00007ffb97b30000 - 0x00007ffb97c27000 	C:\WINDOWS\System32\SHCORE.dll
0x00007ffb97dd0000 - 0x00007ffb97e37000 	C:\WINDOWS\System32\shlwapi.dll
0x00007ffb96020000 - 0x00007ffb96049000 	C:\WINDOWS\SYSTEM32\profapi.dll
0x00007ffb84240000 - 0x00007ffb84250000 	D:\Android\jbr\bin\net.dll
0x00007ffb8b250000 - 0x00007ffb8b377000 	C:\WINDOWS\SYSTEM32\WINHTTP.dll
0x00007ffb95400000 - 0x00007ffb9546b000 	C:\WINDOWS\system32\mswsock.dll
0x00007ffb693a0000 - 0x00007ffb693b6000 	D:\Android\jbr\bin\nio.dll
0x00007ffb812f0000 - 0x00007ffb81300000 	D:\Android\jbr\bin\verify.dll
0x00007ffb42030000 - 0x00007ffb42057000 	D:\grandle\native\660c5614fbf4a5f2a75b1949f50a0caf5cd603558e7d8a26e50b933a0cfb79d1\windows-amd64\native-platform.dll
0x00007ffb23c70000 - 0x00007ffb23ce7000 	D:\grandle\native\0.2.8\x86_64-windows-gnu\gradle-fileevents.dll
0x00007ffb82c00000 - 0x00007ffb82c09000 	D:\Android\jbr\bin\management.dll
0x00007ffb823e0000 - 0x00007ffb823eb000 	D:\Android\jbr\bin\management_ext.dll
0x00007ffb98160000 - 0x00007ffb98168000 	C:\WINDOWS\System32\PSAPI.DLL
0x00007ffb948d0000 - 0x00007ffb94903000 	C:\WINDOWS\SYSTEM32\IPHLPAPI.DLL
0x00007ffb98290000 - 0x00007ffb9829a000 	C:\WINDOWS\System32\NSI.dll
0x00007ffb82dc0000 - 0x00007ffb82dc9000 	D:\Android\jbr\bin\extnet.dll
0x00007ffb956e0000 - 0x00007ffb956fb000 	C:\WINDOWS\SYSTEM32\CRYPTSP.dll
0x00007ffb94df0000 - 0x00007ffb94e29000 	C:\WINDOWS\system32\rsaenh.dll
0x00007ffb954b0000 - 0x00007ffb954e2000 	C:\WINDOWS\SYSTEM32\USERENV.dll
0x00007ffb95ff0000 - 0x00007ffb9601a000 	C:\WINDOWS\SYSTEM32\bcrypt.dll
0x00007ffb95700000 - 0x00007ffb9570c000 	C:\WINDOWS\SYSTEM32\CRYPTBASE.dll
0x00007ffb7adc0000 - 0x00007ffb7adc8000 	C:\WINDOWS\system32\wshunix.dll

JVMTI agents:
D:\grandle\wrapper\dists\gradle-9.3.1-bin\23ovyewtku6u96viwx3xl3oks\gradle-9.3.1\lib\agents\gradle-instrumentation-agent-9.3.1.jar path:D:\Android\jbr\bin\instrument.dll, loaded, initialized, instrumentlib options:none

dbghelp: loaded successfully - version: 4.0.5 - missing functions: none
symbol engine: initialized successfully - sym options: 0x614 - pdb path: .;D:\Android\jbr\bin;C:\WINDOWS\SYSTEM32;C:\WINDOWS\WinSxS\amd64_microsoft.windows.common-controls_6595b64144ccf1df_6.0.26100.8037_none_3e092faae333b53b;D:\Android\jbr\bin\server;D:\grandle\native\660c5614fbf4a5f2a75b1949f50a0caf5cd603558e7d8a26e50b933a0cfb79d1\windows-amd64;D:\grandle\native\0.2.8\x86_64-windows-gnu

VM Arguments:
jvm_args: --add-opens=java.base/java.lang=ALL-UNNAMED --add-opens=java.base/java.lang.invoke=ALL-UNNAMED --add-opens=java.base/java.util=ALL-UNNAMED --add-opens=java.prefs/java.util.prefs=ALL-UNNAMED --add-exports=jdk.compiler/com.sun.tools.javac.api=ALL-UNNAMED --add-exports=jdk.compiler/com.sun.tools.javac.util=ALL-UNNAMED --add-opens=java.base/java.util=ALL-UNNAMED --add-opens=java.prefs/java.util.prefs=ALL-UNNAMED --add-opens=java.base/java.nio.charset=ALL-UNNAMED --add-opens=java.base/java.net=ALL-UNNAMED --add-opens=java.base/java.util.concurrent=ALL-UNNAMED --add-opens=java.base/java.util.concurrent.atomic=ALL-UNNAMED --add-opens=java.xml/javax.xml.namespace=ALL-UNNAMED --add-opens=java.base/java.time=ALL-UNNAMED -Xmx2048m -Dfile.encoding=UTF-8 -Duser.country=US -Duser.language=en -Duser.variant -javaagent:D:\grandle\wrapper\dists\gradle-9.3.1-bin\23ovyewtku6u96viwx3xl3oks\gradle-9.3.1\lib\agents\gradle-instrumentation-agent-9.3.1.jar 
java_command: org.gradle.launcher.daemon.bootstrap.GradleDaemon 9.3.1
java_class_path (initial): D:\grandle\wrapper\dists\gradle-9.3.1-bin\23ovyewtku6u96viwx3xl3oks\gradle-9.3.1\lib\gradle-daemon-main-9.3.1.jar
Launcher Type: SUN_STANDARD

[Global flags]
     intx CICompilerCount                          = 12                                        {product} {ergonomic}
     uint ConcGCThreads                            = 3                                         {product} {ergonomic}
     uint G1ConcRefinementThreads                  = 13                                        {product} {ergonomic}
   size_t G1HeapRegionSize                         = 1048576                                   {product} {ergonomic}
    uintx GCDrainStackTargetSize                   = 64                                        {product} {ergonomic}
   size_t InitialHeapSize                          = 264241152                                 {product} {ergonomic}
   size_t MarkStackSize                            = 4194304                                   {product} {ergonomic}
   size_t MaxHeapSize                              = 2147483648                                {product} {command line}
   size_t MaxNewSize                               = 1287651328                                {product} {ergonomic}
   size_t MinHeapDeltaBytes                        = 1048576                                   {product} {ergonomic}
   size_t MinHeapSize                              = 8388608                                   {product} {ergonomic}
    uintx NonNMethodCodeHeapSize                   = 7602480                                {pd product} {ergonomic}
    uintx NonProfiledCodeHeapSize                  = 122027880                              {pd product} {ergonomic}
    uintx ProfiledCodeHeapSize                     = 122027880                              {pd product} {ergonomic}
    uintx ReservedCodeCacheSize                    = 251658240                              {pd product} {ergonomic}
     bool SegmentedCodeCache                       = true                                      {product} {ergonomic}
   size_t SoftMaxHeapSize                          = 2147483648                             {manageable} {ergonomic}
     bool UseCompressedOops                        = true                           {product lp64_product} {ergonomic}
     bool UseG1GC                                  = true                                      {product} {ergonomic}
     bool UseLargePagesIndividualAllocation        = false                                  {pd product} {ergonomic}

Logging:
Log output configuration:
 #0: stdout all=warning uptime,level,tags foldmultilines=false
 #1: stderr all=off uptime,level,tags foldmultilines=false

Release file:
JAVA_VERSION="21.0.10" 
MODULES="java.base java.compiler java.datatransfer java.xml java.prefs java.desktop java.instrument java.logging java.management java.security.sasl java.naming java.rmi java.management.rmi java.net.http java.scripting java.security.jgss java.transaction.xa java.sql java.sql.rowset java.xml.crypto java.se java.smartcardio jdk.accessibility jdk.internal.jvmstat jdk.attach jdk.charsets jdk.internal.opt jdk.zipfs jdk.compiler jdk.crypto.ec jdk.crypto.cryptoki jdk.dynalink jdk.hotspot.agent jdk.httpserver jdk.internal.ed jdk.internal.le jdk.internal.vm.ci jdk.jartool jdk.javadoc jdk.jcmd jdk.jdeps jdk.jdwp.agent jdk.jdi jdk.jfr jdk.jlink jdk.jsobject jdk.localedata jdk.management jdk.management.agent jdk.management.jfr jdk.naming.dns jdk.naming.rmi jdk.net jdk.sctp jdk.security.auth jdk.security.jgss jdk.unsupported jdk.unsupported.desktop jdk.xml.dom" 
IMPLEMENTOR="JetBrains s.r.o." 
JAVA_RUNTIME_VERSION="21.0.10+-14961533-b1163.108" 
LIBC="default" 
OS_ARCH="x86_64" 
OS_NAME="Windows" 
SOURCE=".:git:1351622c2ff2" 

Environment Variables:
PATH=C:\Program Files\Common Files\Oracle\Java\javapath;C:\Program Files (x86)\Common Files\Oracle\Java\javapath;C:\Program Files\Python312\Scripts\;C:\Program Files\Python312\;C:\WINDOWS\system32;C:\WINDOWS;C:\WINDOWS\System32\Wbem;C:\WINDOWS\System32\WindowsPowerShell\v1.0\;C:\WINDOWS\System32\OpenSSH\;C:\Program Files\dotnet\;C:\Program Files (x86)\Windows Kits\10\Windows Performance Toolkit\;C:\Program Files\Java\jdk-21\bin;C:\Program Files\Microsoft SQL Server\Client SDK\ODBC\170\Tools\Binn\;C:\Program Files (x86)\Microsoft SQL Server\160\Tools\Binn\;C:\Program Files\Microsoft SQL Server\160\Tools\Binn\;C:\Program Files\Microsoft SQL Server\160\DTS\Binn\;C:\Program Files (x86)\Microsoft SQL Server\160\DTS\Binn\;C:\Program Files\Microsoft SQL Server\150\Tools\Binn\;D:\Git\cmd;C:\Program Files\nodejs\;C:\Users\behoa\AppData\Local\Microsoft\WindowsApps;;C:\Program Files\JetBrains\PyCharm 2023.3.1\bin;;C:\Program Files\JetBrains\IntelliJ IDEA Community Edition 2023.3.2\bin;;C:\Users\behoa\.dotnet\tools;D:\python\PyCharm Community Edition 2024.3.1.1\bin;;C:\Program Files\JetBrains\IntelliJ IDEA 2025.1.1.1\bin;;C:\Users\behoa\AppData\Roaming\npm;D:\Microsoft VS Code\bin;D:\Antigravity\bin
USERNAME=Admin
OS=Windows_NT
PROCESSOR_IDENTIFIER=Intel64 Family 6 Model 154 Stepping 3, GenuineIntel
TMP=C:\Users\behoa\AppData\Local\Temp
TEMP=C:\Users\behoa\AppData\Local\Temp




Periodic native trim disabled

JNI global refs:
JNI global refs: 37, weak refs: 5

JNI global refs memory usage: 835, weak refs: 833

Process memory usage:
Resident Set Size: 300336K (1% of 16454388K total physical memory with 742356K free physical memory)

OOME stack traces (most recent first):
Classloader memory used:
Loader org.gradle.internal.classloader.VisitableURLClassLoader                         : 27105K
Loader bootstrap                                                                       : 20969K
Loader org.gradle.initialization.MixInLegacyTypesClassLoader                           : 6303K
Loader jdk.internal.loader.ClassLoaders$AppClassLoader                                 : 229K
Loader jdk.internal.loader.ClassLoaders$PlatformClassLoader                            : 130K
Loader org.gradle.groovy.scripts.internal.DefaultScriptCompilationHandler$ScriptClassLoader: 29832B
Loader jdk.internal.reflect.DelegatingClassLoader                                      : 3536B

Classes loaded by more than one classloader:
Class org.gradle.internal.classloader.FilteringClassLoader                            : loaded 2 times (x 105B)
Class org.gradle.internal.classloader.ClassLoaderHierarchy                            : loaded 2 times (x 70B)
Class org.gradle.api.internal.classpath.ManifestUtil                                  : loaded 2 times (x 71B)
Class org.gradle.internal.classloader.DefaultClassLoaderFactory                       : loaded 2 times (x 82B)
Class org.gradle.internal.classloader.ClassLoaderVisitor                              : loaded 2 times (x 76B)
Class org.gradle.api.internal.classpath.EffectiveClassPath                            : loaded 2 times (x 90B)
Class org.gradle.api.internal.DefaultClassPathProvider                                : loaded 2 times (x 76B)
Class [Lorg.gradle.api.internal.ClassPathProvider;                                    : loaded 2 times (x 69B)
Class org.gradle.api.internal.ClassPathProvider                                       : loaded 2 times (x 70B)
Class org.gradle.internal.service.UnknownServiceException                             : loaded 2 times (x 83B)
Class org.gradle.internal.classpath.TransformedClassPath                              : loaded 2 times (x 96B)
Class org.gradle.internal.classloader.InstrumentingClassLoader                        : loaded 2 times (x 70B)
Class org.gradle.internal.service.ServiceLocator                                      : loaded 2 times (x 70B)
Class org.gradle.internal.classloader.ClasspathUtil$1                                 : loaded 2 times (x 76B)
Class org.gradle.api.internal.classpath.DefaultModuleRegistry$DefaultModule           : loaded 2 times (x 86B)
Class org.gradle.api.internal.classpath.Module                                        : loaded 2 times (x 70B)
Class org.gradle.api.internal.classpath.UnknownModuleException                        : loaded 2 times (x 82B)
Class org.gradle.api.internal.DefaultClassPathRegistry                                : loaded 2 times (x 76B)
Class org.gradle.api.internal.ClassPathRegistry                                       : loaded 2 times (x 70B)
Class org.gradle.internal.classpath.DefaultClassPath$ImmutableUniqueList              : loaded 2 times (x 199B)
Class org.gradle.internal.classpath.ClassPath                                         : loaded 2 times (x 70B)
Class org.gradle.api.internal.classpath.ModuleRegistry                                : loaded 2 times (x 70B)
Class org.gradle.internal.installation.GradleInstallation$1                           : loaded 2 times (x 75B)
Class org.gradle.api.internal.classpath.DefaultModuleRegistry                         : loaded 2 times (x 86B)
Class org.gradle.internal.service.ServiceLookupException                              : loaded 2 times (x 82B)
Class org.gradle.internal.classloader.ClassLoaderFactory                              : loaded 2 times (x 70B)
Class org.gradle.internal.service.CachingServiceLocator                               : loaded 2 times (x 82B)
Class org.gradle.internal.classloader.ClasspathUtil                                   : loaded 2 times (x 71B)
Class org.gradle.api.specs.Spec                                                       : loaded 2 times (x 70B)
Class org.gradle.internal.classloader.VisitableURLClassLoader$InstrumentingVisitableURLClassLoader: loaded 2 times (x 123B)
Class org.gradle.internal.classloader.VisitableURLClassLoader$Spec                    : loaded 2 times (x 74B)
Class org.gradle.internal.classpath.DefaultClassPath                                  : loaded 2 times (x 90B)
Class org.gradle.internal.classloader.ClassLoaderSpec                                 : loaded 2 times (x 71B)
Class org.gradle.internal.classloader.VisitableURLClassLoader                         : loaded 2 times (x 117B)
Class org.gradle.internal.Cast                                                        : loaded 2 times (x 71B)
Class org.gradle.api.Action                                                           : loaded 2 times (x 70B)
Class org.gradle.internal.classpath.DefaultClassPath$ImmutableUniqueList$Builder      : loaded 2 times (x 75B)
Class org.gradle.api.GradleException                                                  : loaded 2 times (x 82B)
Class org.gradle.internal.IoActions                                                   : loaded 2 times (x 71B)
Class org.gradle.internal.classloader.SystemClassLoaderSpec                           : loaded 2 times (x 71B)
Class org.gradle.api.internal.classpath.GlobalCacheRootsProvider                      : loaded 2 times (x 70B)
Class org.gradle.internal.installation.CurrentGradleInstallationLocator               : loaded 2 times (x 71B)
Class org.gradle.internal.service.DefaultServiceLocator                               : loaded 2 times (x 83B)
Class org.gradle.internal.installation.CurrentGradleInstallation                      : loaded 2 times (x 73B)
Class org.gradle.util.internal.GUtil                                                  : loaded 2 times (x 71B)
Class org.gradle.internal.installation.GradleInstallation                             : loaded 2 times (x 75B)

---------------  S Y S T E M  ---------------

OS:
 Windows 11 , 64 bit Build 26100 (10.0.26100.7920)
OS uptime: 0 days 12:14 hours
Hyper-V role detected

CPU: total 16 (initial active 16) (8 cores per cpu, 2 threads per core) family 6 model 154 stepping 3 microcode 0x437, cx8, cmov, fxsr, ht, mmx, 3dnowpref, sse, sse2, sse3, ssse3, sse4.1, sse4.2, popcnt, lzcnt, tsc, tscinvbit, avx, avx2, aes, erms, clmul, bmi1, bmi2, adx, sha, fma, vzeroupper, clflush, clflushopt, clwb, hv, serialize, rdtscp, rdpid, fsrm, f16c, cet_ibt, cet_ss
Processor Information for processor 0
  Max Mhz: 1700, Current Mhz: 1700, Mhz Limit: 1700
Processor Information for processor 1
  Max Mhz: 1700, Current Mhz: 1700, Mhz Limit: 1700
Processor Information for processor 2
  Max Mhz: 1700, Current Mhz: 1700, Mhz Limit: 1700
Processor Information for processor 3
  Max Mhz: 1700, Current Mhz: 1700, Mhz Limit: 1700
Processor Information for processor 4
  Max Mhz: 1700, Current Mhz: 1700, Mhz Limit: 1700
Processor Information for processor 5
  Max Mhz: 1700, Current Mhz: 1700, Mhz Limit: 1700
Processor Information for processor 6
  Max Mhz: 1700, Current Mhz: 1700, Mhz Limit: 1700
Processor Information for processor 7
  Max Mhz: 1700, Current Mhz: 1700, Mhz Limit: 1700
Processor Information for processor 8
  Max Mhz: 1700, Current Mhz: 1700, Mhz Limit: 1700
Processor Information for processor 9
  Max Mhz: 1700, Current Mhz: 1700, Mhz Limit: 1700
Processor Information for processor 10
  Max Mhz: 1700, Current Mhz: 1558, Mhz Limit: 1700
Processor Information for processor 11
  Max Mhz: 1700, Current Mhz: 1558, Mhz Limit: 1700
Processor Information for processor 12
  Max Mhz: 1700, Current Mhz: 1558, Mhz Limit: 1700
Processor Information for processor 13
  Max Mhz: 1700, Current Mhz: 1700, Mhz Limit: 1700
Processor Information for processor 14
  Max Mhz: 1700, Current Mhz: 1700, Mhz Limit: 1700
Processor Information for processor 15
  Max Mhz: 1700, Current Mhz: 1700, Mhz Limit: 1700

Memory: 4k page, system-wide physical 16068M (769M free)
TotalPageFile size 21929M (AvailPageFile size 0M)
current process WorkingSet (physical memory assigned to process): 293M, peak: 300M
current process commit charge ("private bytes"): 339M, peak: 402M

vm_info: OpenJDK 64-Bit Server VM (21.0.10+-14961533-b1163.108) for windows-amd64 JRE (21.0.10+-14961533-b1163.108), built on 2026-03-02T19:58:50Z by "builder" with MS VC++ 16.10 / 16.11 (VS2019)

END.
